2025-12-02 00:03:38.327  INFO 34084 --- [main] org.dcoffice.cachar.Main                 : Starting Main using Java 17.0.12 on LAPTOP-3QSE8C5F with PID 34084 (D:\Tech\world_of_dc\target\classes started by user in D:\Tech\world_of_dc)
2025-12-02 00:03:38.338  INFO 34084 --- [main] org.dcoffice.cachar.Main                 : No active profile set, falling back to 1 default profile: "default"
2025-12-02 00:03:39.740  INFO 34084 --- [main] .s.d.r.c.RepositoryConfigurationDelegate : Bootstrapping Spring Data MongoDB repositories in DEFAULT mode.
2025-12-02 00:03:39.897  INFO 34084 --- [main] .s.d.r.c.RepositoryConfigurationDelegate : Finished Spring Data repository scanning in 146 ms. Found 9 MongoDB repository interfaces.
2025-12-02 00:03:41.338  WARN 34084 --- [main] ConfigServletWebServerApplicationContext : Exception encountered during context initialization - cancelling refresh attempt: org.springframework.context.ApplicationContextException: Unable to start web server; nested exception is org.springframework.boot.web.server.WebServerException: Could not load key store 'null'
2025-12-02 00:03:41.390  INFO 34084 --- [main] ConditionEvaluationReportLoggingListener : 

Error starting ApplicationContext. To display the conditions report re-run your application with 'debug' enabled.
2025-12-02 00:03:41.480 ERROR 34084 --- [main] o.s.boot.SpringApplication               : Application run failed

org.springframework.context.ApplicationContextException: Unable to start web server; nested exception is org.springframework.boot.web.server.WebServerException: Could not load key store 'null'
	at org.springframework.boot.web.servlet.context.ServletWebServerApplicationContext.onRefresh(ServletWebServerApplicationContext.java:165) ~[spring-boot-2.7.0.jar:2.7.0]
	at org.springframework.context.support.AbstractApplicationContext.refresh(AbstractApplicationContext.java:577) ~[spring-context-5.3.20.jar:5.3.20]
	at org.springframework.boot.web.servlet.context.ServletWebServerApplicationContext.refresh(ServletWebServerApplicationContext.java:147) ~[spring-boot-2.7.0.jar:2.7.0]
	at org.springframework.boot.SpringApplication.refresh(SpringApplication.java:734) ~[spring-boot-2.7.0.jar:2.7.0]
	at org.springframework.boot.SpringApplication.refreshContext(SpringApplication.java:408) ~[spring-boot-2.7.0.jar:2.7.0]
	at org.springframework.boot.SpringApplication.run(SpringApplication.java:308) ~[spring-boot-2.7.0.jar:2.7.0]
	at org.springframework.boot.SpringApplication.run(SpringApplication.java:1306) ~[spring-boot-2.7.0.jar:2.7.0]
	at org.springframework.boot.SpringApplication.run(SpringApplication.java:1295) ~[spring-boot-2.7.0.jar:2.7.0]
	at org.dcoffice.cachar.Main.main(Main.java:10) ~[classes/:na]
Caused by: org.springframework.boot.web.server.WebServerException: Could not load key store 'null'
	at org.springframework.boot.web.embedded.tomcat.SslConnectorCustomizer.configureSslKeyStore(SslConnectorCustomizer.java:142) ~[spring-boot-2.7.0.jar:2.7.0]
	at org.springframework.boot.web.embedded.tomcat.SslConnectorCustomizer.configureSsl(SslConnectorCustomizer.java:98) ~[spring-boot-2.7.0.jar:2.7.0]
	at org.springframework.boot.web.embedded.tomcat.SslConnectorCustomizer.customize(SslConnectorCustomizer.java:60) ~[spring-boot-2.7.0.jar:2.7.0]
	at org.springframework.boot.web.embedded.tomcat.TomcatServletWebServerFactory.customizeSsl(TomcatServletWebServerFactory.java:364) ~[spring-boot-2.7.0.jar:2.7.0]
	at org.springframework.boot.web.embedded.tomcat.TomcatServletWebServerFactory.customizeConnector(TomcatServletWebServerFactory.java:342) ~[spring-boot-2.7.0.jar:2.7.0]
	at org.springframework.boot.web.embedded.tomcat.TomcatServletWebServerFactory.getWebServer(TomcatServletWebServerFactory.java:203) ~[spring-boot-2.7.0.jar:2.7.0]
	at org.springframework.boot.web.servlet.context.ServletWebServerApplicationContext.createWebServer(ServletWebServerApplicationContext.java:184) ~[spring-boot-2.7.0.jar:2.7.0]
	at org.springframework.boot.web.servlet.context.ServletWebServerApplicationContext.onRefresh(ServletWebServerApplicationContext.java:162) ~[spring-boot-2.7.0.jar:2.7.0]
	... 8 common frames omitted
Caused by: java.lang.IllegalArgumentException: Resource location must not be null
	at org.springframework.util.Assert.notNull(Assert.java:201) ~[spring-core-5.3.20.jar:5.3.20]
	at org.springframework.util.ResourceUtils.getURL(ResourceUtils.java:130) ~[spring-core-5.3.20.jar:5.3.20]
	at org.springframework.boot.web.embedded.tomcat.SslConnectorCustomizer.configureSslKeyStore(SslConnectorCustomizer.java:139) ~[spring-boot-2.7.0.jar:2.7.0]
	... 15 common frames omitted

2025-12-02 00:04:09.389  INFO 36920 --- [main] org.dcoffice.cachar.Main                 : Starting Main using Java 17.0.12 on LAPTOP-3QSE8C5F with PID 36920 (D:\Tech\world_of_dc\target\classes started by user in D:\Tech\world_of_dc)
2025-12-02 00:04:09.394  INFO 36920 --- [main] org.dcoffice.cachar.Main                 : No active profile set, falling back to 1 default profile: "default"
2025-12-02 00:04:10.697  INFO 36920 --- [main] .s.d.r.c.RepositoryConfigurationDelegate : Bootstrapping Spring Data MongoDB repositories in DEFAULT mode.
2025-12-02 00:04:10.882  INFO 36920 --- [main] .s.d.r.c.RepositoryConfigurationDelegate : Finished Spring Data repository scanning in 178 ms. Found 9 MongoDB repository interfaces.
2025-12-02 00:04:12.763  WARN 36920 --- [main] ConfigServletWebServerApplicationContext : Exception encountered during context initialization - cancelling refresh attempt: org.springframework.context.ApplicationContextException: Unable to start web server; nested exception is org.springframework.boot.web.server.WebServerException: Could not load key store 'null'
2025-12-02 00:04:12.807  INFO 36920 --- [main] ConditionEvaluationReportLoggingListener : 

Error starting ApplicationContext. To display the conditions report re-run your application with 'debug' enabled.
2025-12-02 00:04:12.940 ERROR 36920 --- [main] o.s.boot.SpringApplication               : Application run failed

org.springframework.context.ApplicationContextException: Unable to start web server; nested exception is org.springframework.boot.web.server.WebServerException: Could not load key store 'null'
	at org.springframework.boot.web.servlet.context.ServletWebServerApplicationContext.onRefresh(ServletWebServerApplicationContext.java:165) ~[spring-boot-2.7.0.jar:2.7.0]
	at org.springframework.context.support.AbstractApplicationContext.refresh(AbstractApplicationContext.java:577) ~[spring-context-5.3.20.jar:5.3.20]
	at org.springframework.boot.web.servlet.context.ServletWebServerApplicationContext.refresh(ServletWebServerApplicationContext.java:147) ~[spring-boot-2.7.0.jar:2.7.0]
	at org.springframework.boot.SpringApplication.refresh(SpringApplication.java:734) ~[spring-boot-2.7.0.jar:2.7.0]
	at org.springframework.boot.SpringApplication.refreshContext(SpringApplication.java:408) ~[spring-boot-2.7.0.jar:2.7.0]
	at org.springframework.boot.SpringApplication.run(SpringApplication.java:308) ~[spring-boot-2.7.0.jar:2.7.0]
	at org.springframework.boot.SpringApplication.run(SpringApplication.java:1306) ~[spring-boot-2.7.0.jar:2.7.0]
	at org.springframework.boot.SpringApplication.run(SpringApplication.java:1295) ~[spring-boot-2.7.0.jar:2.7.0]
	at org.dcoffice.cachar.Main.main(Main.java:10) ~[classes/:na]
Caused by: org.springframework.boot.web.server.WebServerException: Could not load key store 'null'
	at org.springframework.boot.web.embedded.tomcat.SslConnectorCustomizer.configureSslKeyStore(SslConnectorCustomizer.java:142) ~[spring-boot-2.7.0.jar:2.7.0]
	at org.springframework.boot.web.embedded.tomcat.SslConnectorCustomizer.configureSsl(SslConnectorCustomizer.java:98) ~[spring-boot-2.7.0.jar:2.7.0]
	at org.springframework.boot.web.embedded.tomcat.SslConnectorCustomizer.customize(SslConnectorCustomizer.java:60) ~[spring-boot-2.7.0.jar:2.7.0]
	at org.springframework.boot.web.embedded.tomcat.TomcatServletWebServerFactory.customizeSsl(TomcatServletWebServerFactory.java:364) ~[spring-boot-2.7.0.jar:2.7.0]
	at org.springframework.boot.web.embedded.tomcat.TomcatServletWebServerFactory.customizeConnector(TomcatServletWebServerFactory.java:342) ~[spring-boot-2.7.0.jar:2.7.0]
	at org.springframework.boot.web.embedded.tomcat.TomcatServletWebServerFactory.getWebServer(TomcatServletWebServerFactory.java:203) ~[spring-boot-2.7.0.jar:2.7.0]
	at org.springframework.boot.web.servlet.context.ServletWebServerApplicationContext.createWebServer(ServletWebServerApplicationContext.java:184) ~[spring-boot-2.7.0.jar:2.7.0]
	at org.springframework.boot.web.servlet.context.ServletWebServerApplicationContext.onRefresh(ServletWebServerApplicationContext.java:162) ~[spring-boot-2.7.0.jar:2.7.0]
	... 8 common frames omitted
Caused by: java.lang.IllegalArgumentException: Resource location must not be null
	at org.springframework.util.Assert.notNull(Assert.java:201) ~[spring-core-5.3.20.jar:5.3.20]
	at org.springframework.util.ResourceUtils.getURL(ResourceUtils.java:130) ~[spring-core-5.3.20.jar:5.3.20]
	at org.springframework.boot.web.embedded.tomcat.SslConnectorCustomizer.configureSslKeyStore(SslConnectorCustomizer.java:139) ~[spring-boot-2.7.0.jar:2.7.0]
	... 15 common frames omitted

2025-12-02 00:04:32.117  INFO 33084 --- [main] org.dcoffice.cachar.Main                 : Starting Main using Java 17.0.12 on LAPTOP-3QSE8C5F with PID 33084 (D:\Tech\world_of_dc\target\classes started by user in D:\Tech\world_of_dc)
2025-12-02 00:04:32.121  INFO 33084 --- [main] org.dcoffice.cachar.Main                 : No active profile set, falling back to 1 default profile: "default"
2025-12-02 00:04:33.406  INFO 33084 --- [main] .s.d.r.c.RepositoryConfigurationDelegate : Bootstrapping Spring Data MongoDB repositories in DEFAULT mode.
2025-12-02 00:04:33.547  INFO 33084 --- [main] .s.d.r.c.RepositoryConfigurationDelegate : Finished Spring Data repository scanning in 131 ms. Found 9 MongoDB repository interfaces.
2025-12-02 00:04:35.333  INFO 33084 --- [main] o.s.b.w.embedded.tomcat.TomcatWebServer  : Tomcat initialized with port(s): 8080 (http)
2025-12-02 00:04:35.361  INFO 33084 --- [main] o.apache.catalina.core.StandardService   : Starting service [Tomcat]
2025-12-02 00:04:35.362  INFO 33084 --- [main] org.apache.catalina.core.StandardEngine  : Starting Servlet engine: [Apache Tomcat/9.0.63]
2025-12-02 00:04:35.570  INFO 33084 --- [main] o.a.c.c.C.[Tomcat].[localhost].[/]       : Initializing Spring embedded WebApplicationContext
2025-12-02 00:04:35.571  INFO 33084 --- [main] w.s.c.ServletWebServerApplicationContext : Root WebApplicationContext: initialization completed in 3387 ms
2025-12-02 00:04:36.363 DEBUG 33084 --- [main] o.d.c.config.JwtAuthenticationFilter     : Filter 'jwtAuthenticationFilter' configured for use
2025-12-02 00:04:41.157  INFO 33084 --- [main] o.d.cachar.service.FileStorageService    : File storage location initialized: D:\Tech\world_of_dc\uploads
2025-12-02 00:04:41.564  WARN 33084 --- [main] .s.s.UserDetailsServiceAutoConfiguration : 

Using generated security password: 43bfe8ad-f81a-4814-a5e2-c9912fa5e4e3

This generated password is for development use only. Your security configuration must be updated before running your application in production.

2025-12-02 00:04:42.405  INFO 33084 --- [main] o.s.b.a.e.web.EndpointLinksResolver      : Exposing 3 endpoint(s) beneath base path '/actuator'
2025-12-02 00:04:42.452  INFO 33084 --- [main] o.s.s.web.DefaultSecurityFilterChain     : Will secure any request with [org.springframework.security.web.session.DisableEncodeUrlFilter@44976b08, org.springframework.security.web.context.request.async.WebAsyncManagerIntegrationFilter@29b8df5, org.springframework.security.web.context.SecurityContextPersistenceFilter@333d44f6, org.springframework.security.web.header.HeaderWriterFilter@15d88c10, org.springframework.web.filter.CorsFilter@20890a1a, org.springframework.security.web.authentication.logout.LogoutFilter@84f51d9, org.dcoffice.cachar.config.JwtAuthenticationFilter@20a967fe, org.springframework.security.web.authentication.www.BasicAuthenticationFilter@277bc3a5, org.springframework.security.web.savedrequest.RequestCacheAwareFilter@3c3e363, org.springframework.security.web.servletapi.SecurityContextHolderAwareRequestFilter@205159dc, org.springframework.security.web.authentication.AnonymousAuthenticationFilter@70a24f9, org.springframework.security.web.session.SessionManagementFilter@44084713, org.springframework.security.web.access.ExceptionTranslationFilter@1d3d76b4, org.springframework.security.web.access.intercept.FilterSecurityInterceptor@6c70b7c3]
2025-12-02 00:04:42.941  INFO 33084 --- [main] o.s.b.w.embedded.tomcat.TomcatWebServer  : Tomcat started on port(s): 8080 (http) with context path ''
2025-12-02 00:04:42.965  INFO 33084 --- [main] org.dcoffice.cachar.Main                 : Started Main in 11.373 seconds (JVM running for 11.842)
2025-12-02 00:04:43.704  INFO 33084 --- [main] org.dcoffice.cachar.config.MongoConfig   : ========================================
2025-12-02 00:04:43.704  INFO 33084 --- [main] org.dcoffice.cachar.config.MongoConfig   : MongoDB Connection Configuration:
2025-12-02 00:04:43.705  INFO 33084 --- [main] org.dcoffice.cachar.config.MongoConfig   : Environment Variables:
2025-12-02 00:04:43.705  INFO 33084 --- [main] org.dcoffice.cachar.config.MongoConfig   :   MONGODB_URI: NOT SET
2025-12-02 00:04:43.705  INFO 33084 --- [main] org.dcoffice.cachar.config.MongoConfig   :   SPRING_DATA_MONGODB_URI: NOT SET
2025-12-02 00:04:43.705  INFO 33084 --- [main] org.dcoffice.cachar.config.MongoConfig   : Spring Properties:
2025-12-02 00:04:43.706  INFO 33084 --- [main] org.dcoffice.cachar.config.MongoConfig   :   spring.data.mongodb.uri: mongodb+srv://ashishunhale1420_db_user:****@cluster0.f0u1sly.mongodb.net/cachar_complaints?retryWrites=true&w=majority&appName=Cluster0
2025-12-02 00:04:43.706  INFO 33084 --- [main] org.dcoffice.cachar.config.MongoConfig   : ========================================
2025-12-02 00:06:34.690  INFO 33084 --- [http-nio-8080-exec-2] o.a.c.c.C.[Tomcat].[localhost].[/]       : Initializing Spring DispatcherServlet 'dispatcherServlet'
2025-12-02 00:06:34.691  INFO 33084 --- [http-nio-8080-exec-2] o.s.web.servlet.DispatcherServlet        : Initializing Servlet 'dispatcherServlet'
2025-12-02 00:06:34.693  INFO 33084 --- [http-nio-8080-exec-2] o.s.web.servlet.DispatcherServlet        : Completed initialization in 2 ms
2025-12-02 00:06:34.785 DEBUG 33084 --- [http-nio-8080-exec-1] o.d.c.config.JwtAuthenticationFilter     : Processing request: /api/citizen/carousel with auth header: null
2025-12-02 00:06:34.785 DEBUG 33084 --- [http-nio-8080-exec-1] o.d.c.config.JwtAuthenticationFilter     : No valid Authorization header found
2025-12-02 00:06:34.786 DEBUG 33084 --- [http-nio-8080-exec-2] o.d.c.config.JwtAuthenticationFilter     : Processing request: /api/citizen/portal-stats with auth header: null
2025-12-02 00:06:34.786 DEBUG 33084 --- [http-nio-8080-exec-2] o.d.c.config.JwtAuthenticationFilter     : No valid Authorization header found
2025-12-02 00:06:35.170 DEBUG 33084 --- [http-nio-8080-exec-3] o.d.c.config.JwtAuthenticationFilter     : Processing request: /api/citizen/portal-stats with auth header: null
2025-12-02 00:06:35.171 DEBUG 33084 --- [http-nio-8080-exec-3] o.d.c.config.JwtAuthenticationFilter     : No valid Authorization header found
2025-12-02 00:06:35.394 DEBUG 33084 --- [http-nio-8080-exec-4] o.d.c.config.JwtAuthenticationFilter     : Processing request: /api/citizen/carousel with auth header: null
2025-12-02 00:06:35.394 DEBUG 33084 --- [http-nio-8080-exec-4] o.d.c.config.JwtAuthenticationFilter     : No valid Authorization header found
2025-12-02 00:07:36.142 DEBUG 33084 --- [http-nio-8080-exec-9] o.d.c.config.JwtAuthenticationFilter     : Processing request: /api/officer/login with auth header: null
2025-12-02 00:07:36.143 DEBUG 33084 --- [http-nio-8080-exec-9] o.d.c.config.JwtAuthenticationFilter     : No valid Authorization header found
2025-12-02 00:07:36.455  WARN 33084 --- [http-nio-8080-exec-9] o.d.cachar.controller.OfficerController  : Officer login failed for 10001: Officer not found with employee ID: 10001
2026-03-20 17:14:02.453  INFO 22336 --- [main] org.dcoffice.cachar.Main                 : Starting Main using Java 25.0.1 on Akshay with PID 22336 (C:\Users\ashirude\Documents\github\world_of_dc\target\classes started by ashirude in C:\Users\ashirude\Documents\github\world_of_dc)
2026-03-20 17:14:02.457  INFO 22336 --- [main] org.dcoffice.cachar.Main                 : The following 1 profile is active: "dev"
2026-03-20 17:14:04.038  INFO 22336 --- [main] .s.d.r.c.RepositoryConfigurationDelegate : Bootstrapping Spring Data MongoDB repositories in DEFAULT mode.
2026-03-20 17:14:04.263  INFO 22336 --- [main] .s.d.r.c.RepositoryConfigurationDelegate : Finished Spring Data repository scanning in 211 ms. Found 12 MongoDB repository interfaces.
2026-03-20 17:14:05.390  INFO 22336 --- [main] o.s.b.w.embedded.tomcat.TomcatWebServer  : Tomcat initialized with port(s): 8080 (http)
2026-03-20 17:14:05.418  INFO 22336 --- [main] o.apache.catalina.core.StandardService   : Starting service [Tomcat]
2026-03-20 17:14:05.418  INFO 22336 --- [main] org.apache.catalina.core.StandardEngine  : Starting Servlet engine: [Apache Tomcat/9.0.63]
2026-03-20 17:14:05.593  INFO 22336 --- [main] o.a.c.c.C.[Tomcat].[localhost].[/]       : Initializing Spring embedded WebApplicationContext
2026-03-20 17:14:05.594  INFO 22336 --- [main] w.s.c.ServletWebServerApplicationContext : Root WebApplicationContext: initialization completed in 3048 ms
2026-03-20 17:14:06.152 DEBUG 22336 --- [main] o.d.c.config.JwtAuthenticationFilter     : Filter 'jwtAuthenticationFilter' configured for use
2026-03-20 17:14:07.726 DEBUG 22336 --- [main] .m.c.i.MongoPersistentEntityIndexCreator : Analyzing class class org.dcoffice.cachar.entity.CarouselSlide for index information.
2026-03-20 17:14:08.297 DEBUG 22336 --- [main] .m.c.i.MongoPersistentEntityIndexCreator : Analyzing class class org.dcoffice.cachar.entity.ComplaintDocument for index information.
2026-03-20 17:14:08.300 DEBUG 22336 --- [main] .m.c.i.MongoPersistentEntityIndexCreator : Analyzing class class org.dcoffice.cachar.entity.Officer for index information.
2026-03-20 17:14:08.339 DEBUG 22336 --- [main] .m.c.i.MongoPersistentEntityIndexCreator : Analyzing class class org.dcoffice.cachar.entity.Counter for index information.
2026-03-20 17:14:08.341 DEBUG 22336 --- [main] .m.c.i.MongoPersistentEntityIndexCreator : Analyzing class class org.dcoffice.cachar.entity.Citizen for index information.
2026-03-20 17:14:08.378 DEBUG 22336 --- [main] .m.c.i.MongoPersistentEntityIndexCreator : Analyzing class class org.dcoffice.cachar.entity.PollingParty for index information.
2026-03-20 17:14:08.382 DEBUG 22336 --- [main] .m.c.i.MongoPersistentEntityIndexCreator : Analyzing class class org.dcoffice.cachar.entity.PollingStation for index information.
2026-03-20 17:14:08.453 DEBUG 22336 --- [main] .m.c.i.MongoPersistentEntityIndexCreator : Analyzing class class org.dcoffice.cachar.entity.Complaint for index information.
2026-03-20 17:14:08.746 DEBUG 22336 --- [main] .m.c.i.MongoPersistentEntityIndexCreator : Analyzing class class org.dcoffice.cachar.entity.DistanceMatrixCache for index information.
2026-03-20 17:14:08.747 DEBUG 22336 --- [main] .m.c.i.MongoPersistentEntityIndexCreator : Analyzing class class org.dcoffice.cachar.entity.ComplaintHistory for index information.
2026-03-20 17:14:08.749 DEBUG 22336 --- [main] .m.c.i.MongoPersistentEntityIndexCreator : Analyzing class class org.dcoffice.cachar.entity.ComplaintFile for index information.
2026-03-20 17:14:08.750 DEBUG 22336 --- [main] .m.c.i.MongoPersistentEntityIndexCreator : Analyzing class class org.dcoffice.cachar.entity.CommentAttachment for index information.
2026-03-20 17:14:08.752 DEBUG 22336 --- [main] .m.c.i.MongoPersistentEntityIndexCreator : Analyzing class class org.dcoffice.cachar.entity.Comment for index information.
2026-03-20 17:14:09.178  INFO 22336 --- [main] o.d.cachar.service.FileStorageService    : File storage location initialized: C:\Users\ashirude\Documents\github\world_of_dc\uploads
2026-03-20 17:14:09.581  WARN 22336 --- [main] .s.s.UserDetailsServiceAutoConfiguration : 

Using generated security password: ca78ba32-7343-4cc3-9cfa-b3e241c5ce93

This generated password is for development use only. Your security configuration must be updated before running your application in production.

2026-03-20 17:14:10.394  INFO 22336 --- [main] o.s.b.a.e.web.EndpointLinksResolver      : Exposing 3 endpoint(s) beneath base path '/actuator'
2026-03-20 17:14:10.455  INFO 22336 --- [main] o.s.s.web.DefaultSecurityFilterChain     : Will secure any request with [org.springframework.security.web.session.DisableEncodeUrlFilter@6181bc4a, org.springframework.security.web.context.request.async.WebAsyncManagerIntegrationFilter@70485aa, org.springframework.security.web.context.SecurityContextPersistenceFilter@1d77746b, org.springframework.security.web.header.HeaderWriterFilter@2d24cdd9, org.springframework.web.filter.CorsFilter@4bf8b77, org.springframework.security.web.authentication.logout.LogoutFilter@316d30ad, org.dcoffice.cachar.config.JwtAuthenticationFilter@6e03db1f, org.springframework.security.web.authentication.www.BasicAuthenticationFilter@11ad095c, org.springframework.security.web.savedrequest.RequestCacheAwareFilter@734a149a, org.springframework.security.web.servletapi.SecurityContextHolderAwareRequestFilter@6ad6ae45, org.springframework.security.web.authentication.AnonymousAuthenticationFilter@e06ec83, org.springframework.security.web.session.SessionManagementFilter@6bd7439d, org.springframework.security.web.access.ExceptionTranslationFilter@6182ffef, org.springframework.security.web.access.intercept.FilterSecurityInterceptor@3c27f72]
2026-03-20 17:14:10.877  INFO 22336 --- [main] o.s.b.w.embedded.tomcat.TomcatWebServer  : Tomcat started on port(s): 8080 (http) with context path ''
2026-03-20 17:14:10.903  INFO 22336 --- [main] org.dcoffice.cachar.Main                 : Started Main in 9.387 seconds (JVM running for 9.934)
2026-03-20 17:14:11.123 DEBUG 22336 --- [main] o.s.data.mongodb.core.MongoTemplate      : Calling update using query: { "status" : "SUBMITTED"} and update: { "$set" : { "status" : "CREATED"}} in collection: complaints
2026-03-20 17:14:11.184 DEBUG 22336 --- [main] o.s.data.mongodb.core.MongoTemplate      : Calling update using query: { "status" : "UNDER_REVIEW"} and update: { "$set" : { "status" : "CREATED"}} in collection: complaints
2026-03-20 17:14:11.210 DEBUG 22336 --- [main] o.s.data.mongodb.core.MongoTemplate      : Calling update using query: { "status" : "REASSIGNED"} and update: { "$set" : { "status" : "ASSIGNED"}} in collection: complaints
2026-03-20 17:14:11.234 DEBUG 22336 --- [main] o.s.data.mongodb.core.MongoTemplate      : Calling update using query: { "status" : "WORKING"} and update: { "$set" : { "status" : "IN_PROGRESS"}} in collection: complaints
2026-03-20 17:14:11.257 DEBUG 22336 --- [main] o.s.data.mongodb.core.MongoTemplate      : Calling update using query: { "status" : "PENDING_INFORMATION"} and update: { "$set" : { "status" : "BLOCKED"}} in collection: complaints
2026-03-20 17:14:11.281 DEBUG 22336 --- [main] o.s.data.mongodb.core.MongoTemplate      : Calling update using query: { "status" : "PENDING_APPROVAL"} and update: { "$set" : { "status" : "BLOCKED"}} in collection: complaints
2026-03-20 17:14:11.307 DEBUG 22336 --- [main] o.s.data.mongodb.core.MongoTemplate      : Calling update using query: { "status" : "ON_HOLD"} and update: { "$set" : { "status" : "BLOCKED"}} in collection: complaints
2026-03-20 17:14:11.339 DEBUG 22336 --- [main] o.s.data.mongodb.core.MongoTemplate      : Calling update using query: { "status" : "PARTIALLY_RESOLVED"} and update: { "$set" : { "status" : "RESOLVED"}} in collection: complaints
2026-03-20 17:14:11.367  INFO 22336 --- [main] org.dcoffice.cachar.config.MongoConfig   : ========================================
2026-03-20 17:14:11.368  INFO 22336 --- [main] org.dcoffice.cachar.config.MongoConfig   : MongoDB Connection Configuration:
2026-03-20 17:14:11.368  INFO 22336 --- [main] org.dcoffice.cachar.config.MongoConfig   : Environment Variables:
2026-03-20 17:14:11.369  INFO 22336 --- [main] org.dcoffice.cachar.config.MongoConfig   :   MONGODB_URI: NOT SET
2026-03-20 17:14:11.369  INFO 22336 --- [main] org.dcoffice.cachar.config.MongoConfig   :   SPRING_DATA_MONGODB_URI: NOT SET
2026-03-20 17:14:11.370  INFO 22336 --- [main] org.dcoffice.cachar.config.MongoConfig   : Spring Properties:
2026-03-20 17:14:11.371  INFO 22336 --- [main] org.dcoffice.cachar.config.MongoConfig   :   spring.data.mongodb.uri: mongodb+srv://ashishunhale1420_db_user:****@cluster0.f0u1sly.mongodb.net/cachar_complaints?retryWrites=true&w=majority&tls=true
2026-03-20 17:14:11.371  INFO 22336 --- [main] org.dcoffice.cachar.config.MongoConfig   : ========================================
2026-03-20 17:14:56.697  INFO 22336 --- [http-nio-8080-exec-3] o.a.c.c.C.[Tomcat].[localhost].[/]       : Initializing Spring DispatcherServlet 'dispatcherServlet'
2026-03-20 17:14:56.698  INFO 22336 --- [http-nio-8080-exec-3] o.s.web.servlet.DispatcherServlet        : Initializing Servlet 'dispatcherServlet'
2026-03-20 17:14:56.702  INFO 22336 --- [http-nio-8080-exec-3] o.s.web.servlet.DispatcherServlet        : Completed initialization in 3 ms
2026-03-20 17:14:56.771 DEBUG 22336 --- [http-nio-8080-exec-3] o.d.c.config.JwtAuthenticationFilter     : Processing request: /citizen/portal-stats with auth header: null
2026-03-20 17:14:56.771 DEBUG 22336 --- [http-nio-8080-exec-1] o.d.c.config.JwtAuthenticationFilter     : Processing request: /citizen/carousel with auth header: null
2026-03-20 17:14:56.772 DEBUG 22336 --- [http-nio-8080-exec-3] o.d.c.config.JwtAuthenticationFilter     : No valid Authorization header found
2026-03-20 17:14:56.772 DEBUG 22336 --- [http-nio-8080-exec-1] o.d.c.config.JwtAuthenticationFilter     : No valid Authorization header found
2026-03-20 17:14:56.813 DEBUG 22336 --- [http-nio-8080-exec-2] o.d.c.config.JwtAuthenticationFilter     : Processing request: /citizen/carousel with auth header: null
2026-03-20 17:14:56.815 DEBUG 22336 --- [http-nio-8080-exec-2] o.d.c.config.JwtAuthenticationFilter     : No valid Authorization header found
2026-03-20 17:14:56.815 DEBUG 22336 --- [http-nio-8080-exec-4] o.d.c.config.JwtAuthenticationFilter     : Processing request: /citizen/portal-stats with auth header: null
2026-03-20 17:14:56.816 DEBUG 22336 --- [http-nio-8080-exec-4] o.d.c.config.JwtAuthenticationFilter     : No valid Authorization header found
2026-03-20 17:14:59.405 DEBUG 22336 --- [http-nio-8080-exec-6] o.d.c.config.JwtAuthenticationFilter     : Processing request: /api/polling-parties/options with auth header: null
2026-03-20 17:14:59.406 DEBUG 22336 --- [http-nio-8080-exec-6] o.d.c.config.JwtAuthenticationFilter     : No valid Authorization header found
2026-03-20 17:14:59.422 DEBUG 22336 --- [http-nio-8080-exec-5] o.d.c.config.JwtAuthenticationFilter     : Processing request: /api/polling-parties/options with auth header: null
2026-03-20 17:14:59.423 DEBUG 22336 --- [http-nio-8080-exec-5] o.d.c.config.JwtAuthenticationFilter     : No valid Authorization header found
2026-03-20 17:14:59.658 DEBUG 22336 --- [http-nio-8080-exec-8] o.d.c.config.JwtAuthenticationFilter     : Processing request: /citizen/portal-stats with auth header: null
2026-03-20 17:14:59.658 DEBUG 22336 --- [http-nio-8080-exec-7] o.d.c.config.JwtAuthenticationFilter     : Processing request: /citizen/carousel with auth header: null
2026-03-20 17:14:59.659 DEBUG 22336 --- [http-nio-8080-exec-8] o.d.c.config.JwtAuthenticationFilter     : No valid Authorization header found
2026-03-20 17:14:59.659 DEBUG 22336 --- [http-nio-8080-exec-7] o.d.c.config.JwtAuthenticationFilter     : No valid Authorization header found
2026-03-20 17:14:59.668 DEBUG 22336 --- [http-nio-8080-exec-9] o.d.c.config.JwtAuthenticationFilter     : Processing request: /citizen/portal-stats with auth header: null
2026-03-20 17:14:59.668 DEBUG 22336 --- [http-nio-8080-exec-10] o.d.c.config.JwtAuthenticationFilter     : Processing request: /citizen/carousel with auth header: null
2026-03-20 17:14:59.669 DEBUG 22336 --- [http-nio-8080-exec-9] o.d.c.config.JwtAuthenticationFilter     : No valid Authorization header found
2026-03-20 17:14:59.669 DEBUG 22336 --- [http-nio-8080-exec-10] o.d.c.config.JwtAuthenticationFilter     : No valid Authorization header found
2026-03-20 17:15:02.720 DEBUG 22336 --- [http-nio-8080-exec-1] o.d.c.config.JwtAuthenticationFilter     : Processing request: /api/polling-parties/options with auth header: null
2026-03-20 17:15:02.722 DEBUG 22336 --- [http-nio-8080-exec-1] o.d.c.config.JwtAuthenticationFilter     : No valid Authorization header found
2026-03-20 17:15:02.730 DEBUG 22336 --- [http-nio-8080-exec-3] o.d.c.config.JwtAuthenticationFilter     : Processing request: /api/polling-parties/options with auth header: null
2026-03-20 17:15:02.731 DEBUG 22336 --- [http-nio-8080-exec-3] o.d.c.config.JwtAuthenticationFilter     : No valid Authorization header found
2026-03-20 17:15:03.039 DEBUG 22336 --- [http-nio-8080-exec-4] o.d.c.config.JwtAuthenticationFilter     : Processing request: /citizen/portal-stats with auth header: null
2026-03-20 17:15:03.040 DEBUG 22336 --- [http-nio-8080-exec-2] o.d.c.config.JwtAuthenticationFilter     : Processing request: /citizen/carousel with auth header: null
2026-03-20 17:15:03.040 DEBUG 22336 --- [http-nio-8080-exec-4] o.d.c.config.JwtAuthenticationFilter     : No valid Authorization header found
2026-03-20 17:15:03.040 DEBUG 22336 --- [http-nio-8080-exec-2] o.d.c.config.JwtAuthenticationFilter     : No valid Authorization header found
2026-03-20 17:15:03.047 DEBUG 22336 --- [http-nio-8080-exec-6] o.d.c.config.JwtAuthenticationFilter     : Processing request: /citizen/carousel with auth header: null
2026-03-20 17:15:03.047 DEBUG 22336 --- [http-nio-8080-exec-5] o.d.c.config.JwtAuthenticationFilter     : Processing request: /citizen/portal-stats with auth header: null
2026-03-20 17:15:03.047 DEBUG 22336 --- [http-nio-8080-exec-6] o.d.c.config.JwtAuthenticationFilter     : No valid Authorization header found
2026-03-20 17:15:03.047 DEBUG 22336 --- [http-nio-8080-exec-5] o.d.c.config.JwtAuthenticationFilter     : No valid Authorization header found
2026-03-20 17:15:05.869 DEBUG 22336 --- [http-nio-8080-exec-8] o.d.c.config.JwtAuthenticationFilter     : Processing request: /api/polling-parties/options with auth header: null
2026-03-20 17:15:05.871 DEBUG 22336 --- [http-nio-8080-exec-8] o.d.c.config.JwtAuthenticationFilter     : No valid Authorization header found
2026-03-20 17:15:05.882 DEBUG 22336 --- [http-nio-8080-exec-7] o.d.c.config.JwtAuthenticationFilter     : Processing request: /api/polling-parties/options with auth header: null
2026-03-20 17:15:05.884 DEBUG 22336 --- [http-nio-8080-exec-7] o.d.c.config.JwtAuthenticationFilter     : No valid Authorization header found
2026-03-20 17:15:06.107 DEBUG 22336 --- [http-nio-8080-exec-9] o.d.c.config.JwtAuthenticationFilter     : Processing request: /citizen/carousel with auth header: null
2026-03-20 17:15:06.107 DEBUG 22336 --- [http-nio-8080-exec-10] o.d.c.config.JwtAuthenticationFilter     : Processing request: /citizen/portal-stats with auth header: null
2026-03-20 17:15:06.108 DEBUG 22336 --- [http-nio-8080-exec-10] o.d.c.config.JwtAuthenticationFilter     : No valid Authorization header found
2026-03-20 17:15:06.108 DEBUG 22336 --- [http-nio-8080-exec-9] o.d.c.config.JwtAuthenticationFilter     : No valid Authorization header found
2026-03-20 17:15:06.114 DEBUG 22336 --- [http-nio-8080-exec-1] o.d.c.config.JwtAuthenticationFilter     : Processing request: /citizen/portal-stats with auth header: null
2026-03-20 17:15:06.114 DEBUG 22336 --- [http-nio-8080-exec-3] o.d.c.config.JwtAuthenticationFilter     : Processing request: /citizen/carousel with auth header: null
2026-03-20 17:15:06.115 DEBUG 22336 --- [http-nio-8080-exec-1] o.d.c.config.JwtAuthenticationFilter     : No valid Authorization header found
2026-03-20 17:15:06.115 DEBUG 22336 --- [http-nio-8080-exec-3] o.d.c.config.JwtAuthenticationFilter     : No valid Authorization header found
2026-03-20 17:15:09.059 DEBUG 22336 --- [http-nio-8080-exec-4] o.d.c.config.JwtAuthenticationFilter     : Processing request: /api/polling-parties/options with auth header: null
2026-03-20 17:15:09.062 DEBUG 22336 --- [http-nio-8080-exec-4] o.d.c.config.JwtAuthenticationFilter     : No valid Authorization header found
2026-03-20 17:15:09.072 DEBUG 22336 --- [http-nio-8080-exec-2] o.d.c.config.JwtAuthenticationFilter     : Processing request: /api/polling-parties/options with auth header: null
2026-03-20 17:15:09.073 DEBUG 22336 --- [http-nio-8080-exec-2] o.d.c.config.JwtAuthenticationFilter     : No valid Authorization header found
2026-03-20 17:15:09.338 DEBUG 22336 --- [http-nio-8080-exec-6] o.d.c.config.JwtAuthenticationFilter     : Processing request: /citizen/carousel with auth header: null
2026-03-20 17:15:09.338 DEBUG 22336 --- [http-nio-8080-exec-5] o.d.c.config.JwtAuthenticationFilter     : Processing request: /citizen/portal-stats with auth header: null
2026-03-20 17:15:09.341 DEBUG 22336 --- [http-nio-8080-exec-6] o.d.c.config.JwtAuthenticationFilter     : No valid Authorization header found
2026-03-20 17:15:09.341 DEBUG 22336 --- [http-nio-8080-exec-5] o.d.c.config.JwtAuthenticationFilter     : No valid Authorization header found
2026-03-20 17:15:09.347 DEBUG 22336 --- [http-nio-8080-exec-7] o.d.c.config.JwtAuthenticationFilter     : Processing request: /citizen/portal-stats with auth header: null
2026-03-20 17:15:09.347 DEBUG 22336 --- [http-nio-8080-exec-8] o.d.c.config.JwtAuthenticationFilter     : Processing request: /citizen/carousel with auth header: null
2026-03-20 17:15:09.347 DEBUG 22336 --- [http-nio-8080-exec-7] o.d.c.config.JwtAuthenticationFilter     : No valid Authorization header found
2026-03-20 17:15:09.348 DEBUG 22336 --- [http-nio-8080-exec-8] o.d.c.config.JwtAuthenticationFilter     : No valid Authorization header found
2026-03-20 17:25:05.134  INFO 18088 --- [main] org.dcoffice.cachar.Main                 : Starting Main using Java 25.0.1 on Akshay with PID 18088 (C:\Users\ashirude\Documents\github\world_of_dc\target\classes started by ashirude in C:\Users\ashirude\Documents\github\world_of_dc)
2026-03-20 17:25:05.139  INFO 18088 --- [main] org.dcoffice.cachar.Main                 : The following 1 profile is active: "dev"
2026-03-20 17:25:06.905  INFO 18088 --- [main] .s.d.r.c.RepositoryConfigurationDelegate : Bootstrapping Spring Data MongoDB repositories in DEFAULT mode.
2026-03-20 17:25:07.045  INFO 18088 --- [main] .s.d.r.c.RepositoryConfigurationDelegate : Finished Spring Data repository scanning in 129 ms. Found 12 MongoDB repository interfaces.
2026-03-20 17:25:07.922  INFO 18088 --- [main] o.s.b.w.embedded.tomcat.TomcatWebServer  : Tomcat initialized with port(s): 8080 (http)
2026-03-20 17:25:07.942  INFO 18088 --- [main] o.apache.catalina.core.StandardService   : Starting service [Tomcat]
2026-03-20 17:25:07.942  INFO 18088 --- [main] org.apache.catalina.core.StandardEngine  : Starting Servlet engine: [Apache Tomcat/9.0.63]
2026-03-20 17:25:08.100  INFO 18088 --- [main] o.a.c.c.C.[Tomcat].[localhost].[/]       : Initializing Spring embedded WebApplicationContext
2026-03-20 17:25:08.101  INFO 18088 --- [main] w.s.c.ServletWebServerApplicationContext : Root WebApplicationContext: initialization completed in 2823 ms
2026-03-20 17:25:08.518 DEBUG 18088 --- [main] o.d.c.config.JwtAuthenticationFilter     : Filter 'jwtAuthenticationFilter' configured for use
2026-03-20 17:25:10.349 DEBUG 18088 --- [main] .m.c.i.MongoPersistentEntityIndexCreator : Analyzing class class org.dcoffice.cachar.entity.Officer for index information.
2026-03-20 17:25:10.839 DEBUG 18088 --- [main] .m.c.i.MongoPersistentEntityIndexCreator : Analyzing class class org.dcoffice.cachar.entity.ComplaintHistory for index information.
2026-03-20 17:25:10.841 DEBUG 18088 --- [main] .m.c.i.MongoPersistentEntityIndexCreator : Analyzing class class org.dcoffice.cachar.entity.ComplaintDocument for index information.
2026-03-20 17:25:10.843 DEBUG 18088 --- [main] .m.c.i.MongoPersistentEntityIndexCreator : Analyzing class class org.dcoffice.cachar.entity.Counter for index information.
2026-03-20 17:25:10.844 DEBUG 18088 --- [main] .m.c.i.MongoPersistentEntityIndexCreator : Analyzing class class org.dcoffice.cachar.entity.CommentAttachment for index information.
2026-03-20 17:25:10.846 DEBUG 18088 --- [main] .m.c.i.MongoPersistentEntityIndexCreator : Analyzing class class org.dcoffice.cachar.entity.CarouselSlide for index information.
2026-03-20 17:25:10.883 DEBUG 18088 --- [main] .m.c.i.MongoPersistentEntityIndexCreator : Analyzing class class org.dcoffice.cachar.entity.ComplaintFile for index information.
2026-03-20 17:25:10.885 DEBUG 18088 --- [main] .m.c.i.MongoPersistentEntityIndexCreator : Analyzing class class org.dcoffice.cachar.entity.Citizen for index information.
2026-03-20 17:25:10.919 DEBUG 18088 --- [main] .m.c.i.MongoPersistentEntityIndexCreator : Analyzing class class org.dcoffice.cachar.entity.Complaint for index information.
2026-03-20 17:25:11.212 DEBUG 18088 --- [main] .m.c.i.MongoPersistentEntityIndexCreator : Analyzing class class org.dcoffice.cachar.entity.DistanceMatrixCache for index information.
2026-03-20 17:25:11.213 DEBUG 18088 --- [main] .m.c.i.MongoPersistentEntityIndexCreator : Analyzing class class org.dcoffice.cachar.entity.Comment for index information.
2026-03-20 17:25:11.308 DEBUG 18088 --- [main] .m.c.i.MongoPersistentEntityIndexCreator : Analyzing class class org.dcoffice.cachar.entity.PollingParty for index information.
2026-03-20 17:25:11.309 DEBUG 18088 --- [main] .m.c.i.MongoPersistentEntityIndexCreator : Analyzing class class org.dcoffice.cachar.entity.PollingStation for index information.
2026-03-20 17:25:11.664  INFO 18088 --- [main] o.d.cachar.service.FileStorageService    : File storage location initialized: C:\Users\ashirude\Documents\github\world_of_dc\uploads
2026-03-20 17:25:11.940  WARN 18088 --- [main] .s.s.UserDetailsServiceAutoConfiguration : 

Using generated security password: c60b0ce1-c278-4e24-9531-062f1855e89d

This generated password is for development use only. Your security configuration must be updated before running your application in production.

2026-03-20 17:25:12.663  INFO 18088 --- [main] o.s.b.a.e.web.EndpointLinksResolver      : Exposing 3 endpoint(s) beneath base path '/actuator'
2026-03-20 17:25:12.706  INFO 18088 --- [main] o.s.s.web.DefaultSecurityFilterChain     : Will secure any request with [org.springframework.security.web.session.DisableEncodeUrlFilter@6181bc4a, org.springframework.security.web.context.request.async.WebAsyncManagerIntegrationFilter@70485aa, org.springframework.security.web.context.SecurityContextPersistenceFilter@36f6d25c, org.springframework.security.web.header.HeaderWriterFilter@75e0a54c, org.springframework.web.filter.CorsFilter@4bf8b77, org.springframework.security.web.authentication.logout.LogoutFilter@12209826, org.dcoffice.cachar.config.JwtAuthenticationFilter@273a5a8a, org.springframework.security.web.authentication.www.BasicAuthenticationFilter@11ad095c, org.springframework.security.web.savedrequest.RequestCacheAwareFilter@7db791df, org.springframework.security.web.servletapi.SecurityContextHolderAwareRequestFilter@153cfd86, org.springframework.security.web.authentication.AnonymousAuthenticationFilter@e06ec83, org.springframework.security.web.session.SessionManagementFilter@6ad6ae45, org.springframework.security.web.access.ExceptionTranslationFilter@f849027, org.springframework.security.web.access.intercept.FilterSecurityInterceptor@3c27f72]
2026-03-20 17:25:13.083  INFO 18088 --- [main] o.s.b.w.embedded.tomcat.TomcatWebServer  : Tomcat started on port(s): 8080 (http) with context path ''
2026-03-20 17:25:13.106  INFO 18088 --- [main] org.dcoffice.cachar.Main                 : Started Main in 8.948 seconds (JVM running for 9.626)
2026-03-20 17:25:13.342 DEBUG 18088 --- [main] o.s.data.mongodb.core.MongoTemplate      : Calling update using query: { "status" : "SUBMITTED"} and update: { "$set" : { "status" : "CREATED"}} in collection: complaints
2026-03-20 17:25:13.428 DEBUG 18088 --- [main] o.s.data.mongodb.core.MongoTemplate      : Calling update using query: { "status" : "UNDER_REVIEW"} and update: { "$set" : { "status" : "CREATED"}} in collection: complaints
2026-03-20 17:25:13.454 DEBUG 18088 --- [main] o.s.data.mongodb.core.MongoTemplate      : Calling update using query: { "status" : "REASSIGNED"} and update: { "$set" : { "status" : "ASSIGNED"}} in collection: complaints
2026-03-20 17:25:13.492 DEBUG 18088 --- [main] o.s.data.mongodb.core.MongoTemplate      : Calling update using query: { "status" : "WORKING"} and update: { "$set" : { "status" : "IN_PROGRESS"}} in collection: complaints
2026-03-20 17:25:13.523 DEBUG 18088 --- [main] o.s.data.mongodb.core.MongoTemplate      : Calling update using query: { "status" : "PENDING_INFORMATION"} and update: { "$set" : { "status" : "BLOCKED"}} in collection: complaints
2026-03-20 17:25:13.547 DEBUG 18088 --- [main] o.s.data.mongodb.core.MongoTemplate      : Calling update using query: { "status" : "PENDING_APPROVAL"} and update: { "$set" : { "status" : "BLOCKED"}} in collection: complaints
2026-03-20 17:25:13.572 DEBUG 18088 --- [main] o.s.data.mongodb.core.MongoTemplate      : Calling update using query: { "status" : "ON_HOLD"} and update: { "$set" : { "status" : "BLOCKED"}} in collection: complaints
2026-03-20 17:25:13.597 DEBUG 18088 --- [main] o.s.data.mongodb.core.MongoTemplate      : Calling update using query: { "status" : "PARTIALLY_RESOLVED"} and update: { "$set" : { "status" : "RESOLVED"}} in collection: complaints
2026-03-20 17:25:13.619  INFO 18088 --- [main] org.dcoffice.cachar.config.MongoConfig   : ========================================
2026-03-20 17:25:13.620  INFO 18088 --- [main] org.dcoffice.cachar.config.MongoConfig   : MongoDB Connection Configuration:
2026-03-20 17:25:13.621  INFO 18088 --- [main] org.dcoffice.cachar.config.MongoConfig   : Environment Variables:
2026-03-20 17:25:13.622  INFO 18088 --- [main] org.dcoffice.cachar.config.MongoConfig   :   MONGODB_URI: NOT SET
2026-03-20 17:25:13.624  INFO 18088 --- [main] org.dcoffice.cachar.config.MongoConfig   :   SPRING_DATA_MONGODB_URI: NOT SET
2026-03-20 17:25:13.624  INFO 18088 --- [main] org.dcoffice.cachar.config.MongoConfig   : Spring Properties:
2026-03-20 17:25:13.625  INFO 18088 --- [main] org.dcoffice.cachar.config.MongoConfig   :   spring.data.mongodb.uri: mongodb+srv://ashishunhale1420_db_user:****@cluster0.f0u1sly.mongodb.net/cachar_complaints?retryWrites=true&w=majority&tls=true
2026-03-20 17:25:13.626  INFO 18088 --- [main] org.dcoffice.cachar.config.MongoConfig   : ========================================
2026-03-20 17:25:31.532  INFO 18088 --- [http-nio-8080-exec-1] o.a.c.c.C.[Tomcat].[localhost].[/]       : Initializing Spring DispatcherServlet 'dispatcherServlet'
2026-03-20 17:25:31.533  INFO 18088 --- [http-nio-8080-exec-1] o.s.web.servlet.DispatcherServlet        : Initializing Servlet 'dispatcherServlet'
2026-03-20 17:25:31.536  INFO 18088 --- [http-nio-8080-exec-1] o.s.web.servlet.DispatcherServlet        : Completed initialization in 2 ms
2026-03-20 17:25:31.617 DEBUG 18088 --- [http-nio-8080-exec-1] o.d.c.config.JwtAuthenticationFilter     : Processing request: /api/polling-parties/options with auth header: null
2026-03-20 17:25:31.618 DEBUG 18088 --- [http-nio-8080-exec-1] o.d.c.config.JwtAuthenticationFilter     : No valid Authorization header found
2026-03-20 17:25:31.677 DEBUG 18088 --- [http-nio-8080-exec-1] o.s.data.mongodb.core.MongoTemplate      : Executing findDistinct using query {} for field: psName in collection: polling_party
2026-03-20 17:25:31.744 DEBUG 18088 --- [http-nio-8080-exec-1] o.s.data.mongodb.core.MongoTemplate      : Executing findDistinct using query {} for field: partyNo in collection: polling_party
2026-03-20 17:25:31.910 DEBUG 18088 --- [http-nio-8080-exec-3] o.d.c.config.JwtAuthenticationFilter     : Processing request: /api/polling-parties/options with auth header: null
2026-03-20 17:25:31.911 DEBUG 18088 --- [http-nio-8080-exec-3] o.d.c.config.JwtAuthenticationFilter     : No valid Authorization header found
2026-03-20 17:25:31.915 DEBUG 18088 --- [http-nio-8080-exec-3] o.s.data.mongodb.core.MongoTemplate      : Executing findDistinct using query {} for field: psName in collection: polling_party
2026-03-20 17:25:31.936 DEBUG 18088 --- [http-nio-8080-exec-3] o.s.data.mongodb.core.MongoTemplate      : Executing findDistinct using query {} for field: partyNo in collection: polling_party
2026-03-20 17:25:36.096 DEBUG 18088 --- [http-nio-8080-exec-4] o.d.c.config.JwtAuthenticationFilter     : Processing request: /api/polling-parties/search with auth header: null
2026-03-20 17:25:36.097 DEBUG 18088 --- [http-nio-8080-exec-4] o.d.c.config.JwtAuthenticationFilter     : No valid Authorization header found
2026-03-20 17:25:36.132 DEBUG 18088 --- [http-nio-8080-exec-4] o.s.data.mongodb.core.MongoTemplate      : find using query: { "$and" : [{ "psName" : "Polling Station 105"}]} fields: Document{{}} for class: class org.dcoffice.cachar.entity.PollingParty in collection: polling_party
